SF:lib/domain/usecases/get_movie_detail.dart
DA:7,1
DA:9,1
DA:10,2
LF:3
LH:3
end_of_record
SF:lib/domain/usecases/get_movie_recommendations.dart
DA:7,1
DA:9,1
DA:10,2
LF:3
LH:3
end_of_record
SF:lib/domain/usecases/get_now_playing_movies.dart
DA:7,1
DA:9,1
DA:10,2
LF:3
LH:3
end_of_record
SF:lib/domain/usecases/get_popular_movies.dart
DA:7,1
DA:9,1
DA:10,2
LF:3
LH:3
end_of_record
SF:lib/domain/usecases/get_top_rated_movies.dart
DA:7,1
DA:9,1
DA:10,2
LF:3
LH:3
end_of_record
SF:lib/domain/usecases/get_watchlist_movies.dart
DA:7,1
DA:9,1
DA:10,2
LF:3
LH:3
end_of_record
SF:lib/domain/usecases/get_watchlist_status.dart
DA:7,1
DA:9,1
DA:10,2
LF:3
LH:3
end_of_record
SF:lib/domain/usecases/remove_watchlist.dart
DA:7,1
DA:9,1
DA:10,2
LF:3
LH:3
end_of_record
SF:lib/domain/usecases/save_watchlist.dart
DA:7,1
DA:9,1
DA:10,2
LF:3
LH:3
end_of_record
SF:lib/presentation/bloc/state/movie_detail_state.dart
DA:4,2
DA:6,1
DA:7,1
DA:17,2
DA:19,1
DA:20,2
DA:26,2
DA:28,1
DA:29,2
LF:9
LH:9
end_of_record
SF:lib/presentation/bloc/event/movie_detail_event.dart
DA:4,2
DA:6,0
DA:7,0
DA:13,2
DA:15,1
DA:16,2
LF:6
LH:4
end_of_record
SF:lib/presentation/bloc/movie_detail_bloc.dart
DA:14,1
DA:15,2
DA:18,1
DA:21,1
DA:22,1
DA:24,2
DA:25,3
DA:27,2
DA:28,1
DA:29,3
DA:31,1
DA:32,2
LF:12
LH:12
end_of_record
SF:lib/presentation/bloc/state/movie_recommendation_state.dart
DA:4,2
DA:6,1
DA:7,1
DA:17,2
DA:19,1
DA:20,2
DA:26,2
DA:28,1
DA:29,2
LF:9
LH:9
end_of_record
SF:lib/presentation/bloc/event/movie_recommendation_event.dart
DA:4,2
DA:6,0
DA:7,0
DA:13,2
DA:15,1
DA:16,2
LF:6
LH:4
end_of_record
SF:lib/presentation/bloc/movie_recommendation_bloc.dart
DA:14,3
DA:17,1
DA:20,1
DA:21,1
DA:23,2
DA:24,3
DA:26,2
DA:27,1
DA:28,3
DA:30,1
DA:31,2
LF:11
LH:11
end_of_record
SF:lib/presentation/bloc/state/now_playing_state.dart
DA:4,1
DA:6,1
DA:7,1
DA:17,1
DA:19,1
DA:20,2
DA:26,1
DA:28,1
DA:29,2
LF:9
LH:9
end_of_record
SF:lib/presentation/bloc/now_playing_bloc.dart
DA:14,3
DA:17,1
DA:20,1
DA:21,2
DA:22,3
DA:24,2
DA:25,1
DA:26,3
DA:28,1
DA:29,2
LF:10
LH:10
end_of_record
SF:lib/presentation/bloc/event/now_playing_event.dart
DA:4,1
DA:6,0
DA:7,0
DA:12,0
DA:13,0
LF:5
LH:1
end_of_record
SF:lib/presentation/bloc/state/popular_movie_state.dart
DA:4,2
DA:6,1
DA:7,1
DA:17,2
DA:19,1
DA:20,2
DA:26,2
DA:28,1
DA:29,2
LF:9
LH:9
end_of_record
SF:lib/presentation/bloc/popular_movie_bloc.dart
DA:14,3
DA:17,1
DA:20,1
DA:21,2
DA:22,3
DA:24,2
DA:25,1
DA:26,3
DA:28,1
DA:29,2
LF:10
LH:10
end_of_record
SF:lib/presentation/bloc/event/popular_movie_event.dart
DA:4,2
DA:6,0
DA:7,0
DA:12,0
DA:13,0
LF:5
LH:1
end_of_record
SF:lib/presentation/bloc/state/top_rated_movie_state.dart
DA:4,2
DA:6,1
DA:7,1
DA:17,2
DA:19,1
DA:20,2
DA:26,2
DA:28,1
DA:29,2
LF:9
LH:9
end_of_record
SF:lib/presentation/bloc/top_rated_movie_bloc.dart
DA:14,3
DA:17,1
DA:20,1
DA:21,2
DA:22,3
DA:24,2
DA:25,1
DA:26,3
DA:28,1
DA:29,2
LF:10
LH:10
end_of_record
SF:lib/presentation/bloc/event/top_rated_movie_event.dart
DA:4,2
DA:6,0
DA:7,0
DA:12,0
DA:13,0
LF:5
LH:1
end_of_record
SF:lib/presentation/bloc/event/watchlist_movie_event.dart
DA:4,2
DA:6,0
DA:7,0
DA:13,2
DA:15,1
DA:16,2
DA:22,2
DA:24,0
DA:25,0
DA:31,2
DA:33,0
DA:34,0
DA:39,0
DA:40,0
LF:14
LH:6
end_of_record
SF:lib/presentation/bloc/state/watchlist_movie_state.dart
DA:4,2
DA:6,1
DA:7,1
DA:17,2
DA:19,0
DA:20,0
DA:26,1
DA:28,0
DA:29,0
DA:35,1
DA:37,0
DA:38,0
LF:12
LH:6
end_of_record
SF:lib/presentation/bloc/watchlist_movie_bloc.dart
DA:21,1
DA:23,2
DA:26,1
DA:28,1
DA:29,1
DA:30,3
DA:31,2
DA:32,0
DA:33,0
DA:35,1
DA:36,2
DA:39,1
DA:40,1
DA:41,3
DA:42,2
DA:43,0
DA:44,0
DA:46,1
DA:47,2
DA:50,1
DA:51,1
DA:52,3
DA:53,2
DA:54,0
DA:55,0
DA:57,1
DA:58,2
DA:61,1
DA:62,2
DA:63,3
DA:65,2
DA:66,0
DA:67,0
DA:69,1
DA:70,2
LF:35
LH:27
end_of_record
SF:lib/presentation/pages/home_movie_page.dart
DA:10,0
DA:11,0
DA:15,0
DA:17,0
DA:19,0
DA:20,0
DA:21,0
DA:22,0
DA:25,0
DA:27,0
DA:28,0
DA:29,0
DA:30,0
DA:38,0
DA:39,0
DA:40,0
DA:41,0
DA:42,0
DA:45,0
DA:46,0
DA:47,0
DA:48,0
DA:49,0
DA:52,0
DA:53,0
DA:54,0
DA:56,0
DA:57,0
DA:62,0
DA:63,0
DA:64,0
DA:65,0
DA:66,0
DA:67,0
DA:69,0
DA:71,0
DA:72,0
DA:73,0
DA:75,0
DA:79,0
DA:81,0
DA:82,0
DA:84,0
DA:85,0
DA:87,0
DA:89,0
DA:90,0
DA:91,0
DA:95,0
DA:96,0
DA:97,0
DA:98,0
DA:99,0
DA:101,0
DA:105,0
DA:107,0
DA:108,0
DA:110,0
DA:111,0
DA:112,0
DA:116,0
DA:117,0
DA:118,0
DA:119,0
DA:120,0
DA:122,0
DA:126,0
DA:128,0
DA:129,0
DA:131,0
DA:132,0
DA:133,0
DA:137,0
DA:138,0
DA:139,0
DA:140,0
DA:141,0
DA:143,0
DA:154,0
DA:155,0
DA:157,0
DA:158,0
DA:160,0
DA:162,0
DA:164,0
DA:166,0
DA:167,0
DA:179,0
DA:181,0
DA:183,0
DA:185,0
DA:187,0
DA:188,0
DA:189,0
DA:191,0
DA:192,0
DA:193,0
DA:196,0
DA:199,0
DA:200,0
DA:201,0
DA:202,0
DA:203,0
DA:204,0
DA:206,0
DA:212,0
LF:106
LH:0
end_of_record
SF:lib/presentation/pages/movie_detail_page.dart
DA:12,1
DA:14,1
DA:15,1
DA:19,1
DA:21,1
DA:23,3
DA:24,5
DA:25,5
DA:26,5
DA:29,1
DA:31,2
DA:32,1
DA:33,1
DA:37,1
DA:38,1
DA:39,1
DA:40,1
DA:42,1
DA:43,2
DA:45,0
DA:55,1
DA:57,1
DA:59,3
DA:60,1
DA:61,1
DA:62,1
DA:63,3
DA:65,2
DA:66,1
DA:68,0
DA:70,1
DA:72,1
DA:73,1
DA:74,1
DA:75,1
DA:77,2
DA:84,1
DA:85,1
DA:86,1
DA:88,1
DA:90,1
DA:92,1
DA:93,1
DA:94,2
DA:95,1
DA:97,1
DA:98,1
DA:99,1
DA:106,1
DA:107,1
DA:108,0
DA:109,0
DA:111,0
DA:112,0
DA:116,0
DA:117,0
DA:121,0
DA:122,0
DA:126,0
DA:127,0
DA:131,1
DA:133,1
DA:134,1
DA:135,1
DA:136,1
DA:137,1
DA:141,1
DA:142,1
DA:143,1
DA:144,0
DA:145,1
DA:146,1
DA:147,1
DA:148,2
DA:153,0
DA:156,1
DA:157,3
DA:159,1
DA:160,3
DA:162,1
DA:163,1
DA:164,1
DA:165,3
DA:167,2
DA:173,4
DA:176,1
DA:177,1
DA:179,1
DA:181,1
DA:182,2
DA:184,1
DA:185,1
DA:187,1
DA:189,1
DA:191,1
DA:192,1
DA:200,1
DA:201,1
DA:203,1
DA:205,1
DA:206,2
DA:207,1
DA:209,1
DA:210,0
DA:211,0
DA:214,0
DA:217,1
DA:218,1
DA:219,1
DA:221,1
DA:223,2
DA:224,1
DA:225,1
DA:227,1
DA:230,0
DA:231,0
DA:237,2
DA:240,1
DA:241,2
DA:242,1
DA:244,0
DA:252,1
DA:254,1
DA:269,1
DA:271,1
DA:274,1
DA:275,1
DA:276,0
DA:277,0
DA:286,1
DA:288,2
DA:289,3
DA:292,1
DA:296,3
DA:299,1
DA:300,1
DA:301,1
DA:303,1
DA:304,1
DA:306,0
LF:140
LH:117
end_of_record
SF:lib/presentation/pages/popular_movie_page.dart
DA:7,1
DA:8,1
DA:12,1
DA:14,1
DA:15,1
DA:16,5
DA:19,1
DA:21,1
DA:22,1
DA:23,1
DA:25,1
DA:27,1
DA:28,1
DA:29,1
DA:33,1
DA:34,1
DA:35,1
DA:36,1
DA:37,1
DA:38,1
DA:40,1
DA:42,1
DA:43,2
DA:45,0
LF:24
LH:23
end_of_record
SF:lib/presentation/pages/top_rated_movie_page.dart
DA:7,1
DA:8,1
DA:12,1
DA:14,1
DA:15,1
DA:16,5
DA:19,1
DA:21,1
DA:22,1
DA:23,1
DA:25,1
DA:27,1
DA:28,1
DA:29,1
DA:33,1
DA:34,1
DA:35,1
DA:36,1
DA:37,1
DA:38,1
DA:40,1
DA:42,1
DA:43,2
DA:45,0
LF:24
LH:23
end_of_record
SF:lib/presentation/pages/watchlist_movies_page.dart
DA:8,0
DA:9,0
DA:14,0
DA:16,0
DA:18,0
DA:19,0
DA:22,0
DA:24,0
DA:25,0
DA:28,0
DA:29,0
DA:32,0
DA:34,0
DA:35,0
DA:36,0
DA:38,0
DA:41,0
DA:42,0
DA:43,0
DA:47,0
DA:48,0
DA:49,0
DA:50,0
DA:51,0
DA:52,0
DA:54,0
DA:56,0
DA:57,0
DA:59,0
DA:67,0
DA:69,0
DA:70,0
LF:32
LH:0
end_of_record
SF:lib/presentation/widgets/movie_card_list.dart
DA:8,2
DA:10,2
DA:12,2
DA:14,2
DA:15,0
DA:16,0
DA:19,0
DA:22,2
DA:24,2
DA:25,2
DA:26,2
DA:32,2
DA:34,2
DA:35,2
DA:36,4
DA:39,2
DA:41,2
DA:42,2
DA:43,4
DA:51,2
DA:56,2
DA:57,2
DA:58,6
DA:60,4
DA:61,2
DA:63,0
DA:65,4
LF:27
LH:23
end_of_record
