SF:lib/domain/usecases/get_on_the_air_tv_series.dart
DA:7,1
DA:9,1
DA:10,2
LF:3
LH:3
end_of_record
SF:lib/domain/usecases/get_popular_tv_series.dart
DA:7,1
DA:9,1
DA:10,2
LF:3
LH:3
end_of_record
SF:lib/domain/usecases/get_top_rated_tv_series.dart
DA:7,1
DA:9,1
DA:10,2
LF:3
LH:3
end_of_record
SF:lib/domain/usecases/get_tv_series_detail.dart
DA:7,1
DA:9,1
DA:10,2
LF:3
LH:3
end_of_record
SF:lib/domain/usecases/get_tv_series_recommendations.dart
DA:7,1
DA:9,1
DA:10,2
LF:3
LH:3
end_of_record
SF:lib/domain/usecases/get_watchlist_status_tv_series.dart
DA:7,1
DA:9,1
DA:10,2
LF:3
LH:3
end_of_record
SF:lib/domain/usecases/get_watchlist_tv_series.dart
DA:7,1
DA:9,1
DA:10,2
LF:3
LH:3
end_of_record
SF:lib/domain/usecases/remove_watchlist_tv_series.dart
DA:7,1
DA:9,1
DA:10,2
LF:3
LH:3
end_of_record
SF:lib/domain/usecases/save_watchlist_tv_series.dart
DA:7,1
DA:9,1
DA:10,2
LF:3
LH:3
end_of_record
SF:lib/presentation/bloc/event/on_the_air_event.dart
DA:4,1
DA:6,0
DA:7,0
DA:12,0
DA:13,0
LF:5
LH:1
end_of_record
SF:lib/presentation/bloc/state/on_the_air_state.dart
DA:4,1
DA:6,1
DA:7,1
DA:17,1
DA:19,1
DA:20,2
DA:26,1
DA:28,1
DA:29,2
LF:9
LH:9
end_of_record
SF:lib/presentation/bloc/on_the_air_bloc.dart
DA:14,3
DA:17,1
DA:20,1
DA:21,2
DA:22,3
DA:24,2
DA:25,1
DA:26,3
DA:28,1
DA:29,2
LF:10
LH:10
end_of_record
SF:lib/presentation/bloc/state/popular_tv_series_state.dart
DA:4,2
DA:6,1
DA:7,1
DA:17,2
DA:19,1
DA:20,2
DA:26,2
DA:28,1
DA:29,2
LF:9
LH:9
end_of_record
SF:lib/presentation/bloc/popular_tv_series_bloc.dart
DA:14,3
DA:17,1
DA:20,1
DA:21,2
DA:22,3
DA:24,2
DA:25,1
DA:26,3
DA:28,1
DA:29,2
LF:10
LH:10
end_of_record
SF:lib/presentation/bloc/event/popular_tv_series_event.dart
DA:4,2
DA:6,0
DA:7,0
DA:12,0
DA:13,0
LF:5
LH:1
end_of_record
SF:lib/presentation/bloc/event/top_rated_tv_series_event.dart
DA:4,2
DA:6,0
DA:7,0
DA:12,0
DA:13,0
LF:5
LH:1
end_of_record
SF:lib/presentation/bloc/state/top_rated_tv_series_state.dart
DA:4,2
DA:6,1
DA:7,1
DA:17,2
DA:19,1
DA:20,2
DA:26,2
DA:28,1
DA:29,2
LF:9
LH:9
end_of_record
SF:lib/presentation/bloc/top_rated_tv_series_bloc.dart
DA:14,3
DA:17,1
DA:20,1
DA:21,2
DA:22,3
DA:24,2
DA:25,1
DA:26,3
DA:28,1
DA:29,2
LF:10
LH:10
end_of_record
SF:lib/presentation/bloc/event/tv_series_detail_event.dart
DA:4,2
DA:6,0
DA:7,0
DA:13,2
DA:15,1
DA:16,2
LF:6
LH:4
end_of_record
SF:lib/presentation/bloc/state/tv_series_detail_state.dart
DA:4,2
DA:6,1
DA:7,1
DA:17,2
DA:19,1
DA:20,2
DA:26,2
DA:28,1
DA:29,2
LF:9
LH:9
end_of_record
SF:lib/presentation/bloc/tv_series_detail_bloc.dart
DA:14,1
DA:15,2
DA:18,1
DA:21,1
DA:22,1
DA:24,2
DA:25,3
DA:27,2
DA:28,1
DA:29,3
DA:31,1
DA:32,2
LF:12
LH:12
end_of_record
SF:lib/presentation/bloc/state/tv_series_recommendation_state.dart
DA:4,2
DA:6,1
DA:7,1
DA:17,2
DA:19,1
DA:20,2
DA:26,2
DA:28,1
DA:29,2
LF:9
LH:9
end_of_record
SF:lib/presentation/bloc/tv_series_recommendation_bloc.dart
DA:14,3
DA:17,1
DA:20,1
DA:21,1
DA:23,2
DA:24,3
DA:26,2
DA:27,1
DA:28,3
DA:30,1
DA:31,2
LF:11
LH:11
end_of_record
SF:lib/presentation/bloc/event/tv_series_recommendation_event.dart
DA:4,2
DA:6,0
DA:7,0
DA:13,2
DA:15,1
DA:16,2
LF:6
LH:4
end_of_record
SF:lib/presentation/bloc/state/watchlist_tv_series_state.dart
DA:4,2
DA:6,1
DA:7,1
DA:17,2
DA:19,0
DA:20,0
DA:26,1
DA:28,0
DA:29,0
DA:35,1
DA:37,0
DA:38,0
LF:12
LH:6
end_of_record
SF:lib/presentation/bloc/event/watchlist_tv_series_event.dart
DA:4,2
DA:6,0
DA:7,0
DA:13,2
DA:15,1
DA:16,2
DA:22,2
DA:24,0
DA:25,0
DA:31,2
DA:33,0
DA:34,0
DA:39,0
DA:40,0
LF:14
LH:6
end_of_record
SF:lib/presentation/bloc/watchlist_tv_series_bloc.dart
DA:21,1
DA:23,2
DA:26,1
DA:28,1
DA:29,1
DA:30,3
DA:31,2
DA:32,0
DA:33,0
DA:35,1
DA:36,2
DA:39,1
DA:40,1
DA:41,3
DA:42,2
DA:43,0
DA:44,0
DA:46,1
DA:47,2
DA:50,1
DA:51,1
DA:52,3
DA:53,2
DA:54,0
DA:55,0
DA:57,1
DA:58,2
DA:61,1
DA:62,2
DA:63,3
DA:65,2
DA:66,0
DA:67,0
DA:69,1
DA:70,2
LF:35
LH:27
end_of_record
SF:lib/presentation/pages/popular_tv_series_page.dart
DA:7,1
DA:8,1
DA:12,1
DA:14,1
DA:15,1
DA:16,5
DA:19,1
DA:21,1
DA:22,1
DA:23,1
DA:25,1
DA:28,1
DA:29,1
DA:30,1
DA:34,1
DA:35,1
DA:36,1
DA:37,1
DA:38,1
DA:39,1
DA:41,1
DA:43,1
DA:44,2
DA:46,0
LF:24
LH:23
end_of_record
SF:lib/presentation/pages/top_rated_tv_series_page.dart
DA:7,1
DA:8,1
DA:12,1
DA:14,1
DA:15,1
DA:16,5
DA:19,1
DA:21,1
DA:22,1
DA:23,1
DA:25,1
DA:28,1
DA:29,1
DA:30,1
DA:34,1
DA:35,1
DA:36,1
DA:37,1
DA:38,1
DA:39,1
DA:41,1
DA:43,1
DA:44,2
DA:46,0
LF:24
LH:23
end_of_record
SF:lib/presentation/pages/tv_series_detail_page.dart
DA:12,1
DA:14,1
DA:15,1
DA:19,1
DA:21,1
DA:23,3
DA:24,5
DA:25,1
DA:26,4
DA:27,1
DA:28,4
DA:31,1
DA:33,1
DA:34,1
DA:35,1
DA:36,1
DA:40,1
DA:41,1
DA:42,1
DA:43,1
DA:45,1
DA:46,2
DA:48,0
DA:59,1
DA:61,1
DA:63,3
DA:64,1
DA:65,1
DA:66,1
DA:67,3
DA:69,2
DA:70,1
DA:72,0
DA:74,1
DA:76,1
DA:77,1
DA:78,1
DA:79,1
DA:81,2
DA:88,1
DA:89,1
DA:90,1
DA:92,1
DA:94,1
DA:96,1
DA:97,1
DA:98,2
DA:99,1
DA:101,1
DA:103,1
DA:104,1
DA:111,1
DA:112,1
DA:113,0
DA:114,0
DA:115,0
DA:116,0
DA:117,0
DA:121,0
DA:122,0
DA:125,0
DA:126,0
DA:130,0
DA:131,0
DA:135,1
DA:137,1
DA:138,1
DA:139,1
DA:140,1
DA:141,1
DA:145,1
DA:146,1
DA:147,1
DA:148,0
DA:149,1
DA:150,1
DA:151,1
DA:152,2
DA:157,0
DA:160,1
DA:161,3
DA:163,1
DA:164,1
DA:165,4
DA:166,1
DA:167,4
DA:170,1
DA:171,4
DA:173,1
DA:174,1
DA:175,1
DA:176,3
DA:178,2
DA:184,4
DA:187,1
DA:188,1
DA:190,1
DA:192,1
DA:193,2
DA:195,1
DA:196,1
DA:198,1
DA:200,1
DA:202,1
DA:203,1
DA:211,1
DA:212,1
DA:214,1
DA:216,1
DA:217,2
DA:218,1
DA:220,1
DA:221,0
DA:222,0
DA:225,0
DA:228,1
DA:229,1
DA:230,1
DA:232,1
DA:234,2
DA:235,1
DA:236,1
DA:238,1
DA:241,0
DA:242,0
DA:248,2
DA:252,1
DA:253,2
DA:254,1
DA:256,0
DA:264,1
DA:266,1
DA:281,1
DA:283,1
DA:286,1
DA:287,1
DA:288,0
DA:289,0
DA:298,1
DA:300,2
DA:301,3
DA:304,1
DA:308,3
DA:311,1
DA:312,1
DA:313,1
DA:315,1
DA:316,0
DA:318,1
LF:149
LH:125
end_of_record
SF:lib/presentation/pages/tv_series_page.dart
DA:9,0
DA:10,0
DA:14,0
DA:16,0
DA:17,0
DA:18,0
DA:19,0
DA:20,0
DA:23,0
DA:25,0
DA:26,0
DA:27,0
DA:28,0
DA:29,0
DA:30,0
DA:31,0
DA:33,0
DA:35,0
DA:36,0
DA:37,0
DA:39,0
DA:43,0
DA:45,0
DA:46,0
DA:48,0
DA:49,0
DA:51,0
DA:53,0
DA:54,0
DA:55,0
DA:59,0
DA:60,0
DA:61,0
DA:62,0
DA:63,0
DA:65,0
DA:69,0
DA:71,0
DA:72,0
DA:74,0
DA:75,0
DA:76,0
DA:80,0
DA:81,0
DA:82,0
DA:83,0
DA:84,0
DA:86,0
DA:90,0
DA:92,0
DA:93,0
DA:95,0
DA:96,0
DA:97,0
DA:101,0
DA:102,0
DA:103,0
DA:104,0
DA:105,0
DA:107,0
DA:118,0
DA:119,0
DA:121,0
DA:122,0
DA:124,0
DA:126,0
DA:128,0
DA:130,0
DA:131,0
DA:143,0
DA:145,0
DA:147,0
DA:149,0
DA:151,0
DA:152,0
DA:153,0
DA:155,0
DA:156,0
DA:157,0
DA:160,0
DA:163,0
DA:164,0
DA:165,0
DA:166,0
DA:167,0
DA:168,0
DA:170,0
DA:176,0
LF:88
LH:0
end_of_record
SF:lib/presentation/pages/watchlist_tv_series_page.dart
DA:8,0
DA:9,0
DA:14,0
DA:16,0
DA:18,0
DA:19,0
DA:22,0
DA:24,0
DA:25,0
DA:28,0
DA:29,0
DA:32,0
DA:34,0
DA:35,0
DA:36,0
DA:38,0
DA:41,0
DA:42,0
DA:43,0
DA:47,0
DA:48,0
DA:49,0
DA:50,0
DA:51,0
DA:52,0
DA:54,0
DA:56,0
DA:57,0
DA:59,0
DA:67,0
DA:69,0
DA:70,0
LF:32
LH:0
end_of_record
SF:lib/presentation/widgets/tv_series_card_list.dart
DA:8,2
DA:10,2
DA:12,2
DA:14,2
DA:15,0
DA:16,0
DA:19,0
DA:22,2
DA:24,2
DA:25,2
DA:26,2
DA:32,2
DA:34,2
DA:35,2
DA:36,4
DA:39,2
DA:41,2
DA:42,2
DA:43,4
DA:51,2
DA:56,2
DA:57,2
DA:58,6
DA:60,4
DA:61,2
DA:63,0
DA:65,4
LF:27
LH:23
end_of_record
